(root) [master x] {} PortoSeguro python train_nn.py
2017-11-28 15:09:09,220 __main__ 39 [INFO][<module>] start
100%|██████████████████████████████████████████████████████████████████████████████████████████████████████████████████| 59/59 [00:05<00:00, 10.81it/s]
2017-11-28 15:09:19,303 __main__ 50 [INFO][<module>] data preparation end (595212, 228)
  0%|                                                                                                                           | 0/12 [00:00<?, ?it/s]2017-11-28 15:09:19,305 __main__ 63 [INFO][<module>] params: {'hidden_layer_sizes': (10, 10, 10, 10, 10, 10, 10, 10, 10, 10), 'max_iter': 200, 'solver': 'lbfgs'}
2017-11-28 15:11:53,630 __main__ 93 [INFO][<module>] logloss: 0.15650467429003376, gini: 0.010277876748468695
2017-11-28 15:11:53,630 __main__ 95 [INFO][<module>] current min score: 0.010277876748468695, params: {'hidden_layer_sizes': (10, 10, 10, 10, 10, 10, 10, 10, 10, 10), 'max_iter': 200, 'solver': 'lbfgs'}
  8%|█████████▌                                                                                                        | 1/12 [02:34<28:17, 154.33s/it]2017-11-28 15:11:53,630 __main__ 63 [INFO][<module>] params: {'hidden_layer_sizes': (10, 10, 10, 10, 10, 10, 10, 10, 10, 10), 'max_iter': 200, 'solver': 'sgd'}
2017-11-28 15:12:08,136 __main__ 93 [INFO][<module>] logloss: 0.15648992488039087, gini: 0.0
2017-11-28 15:12:08,136 __main__ 95 [INFO][<module>] current min score: 0.0, params: {'hidden_layer_sizes': (10, 10, 10, 10, 10, 10, 10, 10, 10, 10), 'max_iter': 200, 'solver': 'sgd'}
 17%|███████████████████▏                                                                                               | 2/12 [02:48<14:04, 84.42s/it]2017-11-28 15:12:08,137 __main__ 63 [INFO][<module>] params: {'hidden_layer_sizes': (10, 10, 10, 10, 10, 10, 10, 10, 10, 10), 'max_iter': 200, 'solver': 'adam'}
2017-11-28 15:12:33,417 __main__ 93 [INFO][<module>] logloss: 0.15648941241372782, gini: -0.004561458725503398
2017-11-28 15:12:33,417 __main__ 95 [INFO][<module>] current min score: -0.004561458725503398, params: {'hidden_layer_sizes': (10, 10, 10, 10, 10, 10, 10, 10, 10, 10), 'max_iter': 200, 'solver': 'adam'}
 25%|████████████████████████████▊                                                                                      | 3/12 [03:14<09:42, 64.70s/it]2017-11-28 15:12:33,417 __main__ 63 [INFO][<module>] params: {'hidden_layer_sizes': (10, 10, 10, 10, 10, 10, 10, 10, 10, 10), 'max_iter': 1000, 'solver': 'lbfgs'}
2017-11-28 15:12:54,753 __main__ 93 [INFO][<module>] logloss: 1.2517554688082086, gini: 0.0007469630500146485
2017-11-28 15:12:54,754 __main__ 95 [INFO][<module>] current min score: -0.004561458725503398, params: {'hidden_layer_sizes': (10, 10, 10, 10, 10, 10, 10, 10, 10, 10), 'max_iter': 200, 'solver': 'adam'}
 33%|██████████████████████████████████████▎                                                                            | 4/12 [03:35<07:10, 53.86s/it]2017-11-28 15:12:54,754 __main__ 63 [INFO][<module>] params: {'hidden_layer_sizes': (10, 10, 10, 10, 10, 10, 10, 10, 10, 10), 'max_iter': 1000, 'solver': 'sgd'}
2017-11-28 15:13:10,641 __main__ 93 [INFO][<module>] logloss: 0.15651796129782247, gini: 0.0
2017-11-28 15:13:10,641 __main__ 95 [INFO][<module>] current min score: -0.004561458725503398, params: {'hidden_layer_sizes': (10, 10, 10, 10, 10, 10, 10, 10, 10, 10), 'max_iter': 200, 'solver': 'adam'}
 42%|███████████████████████████████████████████████▉                                                                   | 5/12 [03:51<05:23, 46.27s/it]2017-11-28 15:13:10,641 __main__ 63 [INFO][<module>] params: {'hidden_layer_sizes': (10, 10, 10, 10, 10, 10, 10, 10, 10, 10), 'max_iter': 1000, 'solver': 'adam'}
2017-11-28 15:13:31,217 __main__ 93 [INFO][<module>] logloss: 0.15660983350703142, gini: 0.0010995766097602333
2017-11-28 15:13:31,217 __main__ 95 [INFO][<module>] current min score: -0.004561458725503398, params: {'hidden_layer_sizes': (10, 10, 10, 10, 10, 10, 10, 10, 10, 10), 'max_iter': 200, 'solver': 'adam'}
 50%|█████████████████████████████████████████████████████████▌                                                         | 6/12 [04:11<04:11, 41.99s/it]2017-11-28 15:13:31,217 __main__ 63 [INFO][<module>] params: {'hidden_layer_sizes': (30, 30, 30, 30), 'max_iter': 200, 'solver': 'lbfgs'}
2017-11-28 15:13:55,167 __main__ 93 [INFO][<module>] logloss: 1.2585450663381808, gini: -0.0009921063877400549
2017-11-28 15:13:55,167 __main__ 95 [INFO][<module>] current min score: -0.004561458725503398, params: {'hidden_layer_sizes': (10, 10, 10, 10, 10, 10, 10, 10, 10, 10), 'max_iter': 200, 'solver': 'adam'}
 58%|███████████████████████████████████████████████████████████████████                                                | 7/12 [04:35<03:17, 39.41s/it]2017-11-28 15:13:55,167 __main__ 63 [INFO][<module>] params: {'hidden_layer_sizes': (30, 30, 30, 30), 'max_iter': 200, 'solver': 'sgd'}
2017-11-28 15:14:08,131 __main__ 93 [INFO][<module>] logloss: 0.1564907552857824, gini: 0.0
2017-11-28 15:14:08,131 __main__ 95 [INFO][<module>] current min score: -0.004561458725503398, params: {'hidden_layer_sizes': (10, 10, 10, 10, 10, 10, 10, 10, 10, 10), 'max_iter': 200, 'solver': 'adam'}
 67%|████████████████████████████████████████████████████████████████████████████▋                                      | 8/12 [04:48<02:24, 36.10s/it]2017-11-28 15:14:08,131 __main__ 63 [INFO][<module>] params: {'hidden_layer_sizes': (30, 30, 30, 30), 'max_iter': 200, 'solver': 'adam'}
2017-11-28 15:15:02,805 __main__ 93 [INFO][<module>] logloss: 0.15649792500843013, gini: 3.487236713628494e-05
2017-11-28 15:15:02,805 __main__ 95 [INFO][<module>] current min score: -0.004561458725503398, params: {'hidden_layer_sizes': (10, 10, 10, 10, 10, 10, 10, 10, 10, 10), 'max_iter': 200, 'solver': 'adam'}
 75%|██████████████████████████████████████████████████████████████████████████████████████▎                            | 9/12 [05:43<01:54, 38.17s/it]2017-11-28 15:15:02,805 __main__ 63 [INFO][<module>] params: {'hidden_layer_sizes': (30, 30, 30, 30), 'max_iter': 1000, 'solver': 'lbfgs'}
2017-11-28 15:15:26,675 __main__ 93 [INFO][<module>] logloss: 1.2585731175650705, gini: -0.000992733270578583
2017-11-28 15:15:26,676 __main__ 95 [INFO][<module>] current min score: -0.004561458725503398, params: {'hidden_layer_sizes': (10, 10, 10, 10, 10, 10, 10, 10, 10, 10), 'max_iter': 200, 'solver': 'adam'}
 83%|███████████████████████████████████████████████████████████████████████████████████████████████                   | 10/12 [06:07<01:13, 36.74s/it]2017-11-28 15:15:26,676 __main__ 63 [INFO][<module>] params: {'hidden_layer_sizes': (30, 30, 30, 30), 'max_iter': 1000, 'solver': 'sgd'}
2017-11-28 15:15:38,772 __main__ 93 [INFO][<module>] logloss: 0.15651466579619178, gini: 0.0
2017-11-28 15:15:38,772 __main__ 95 [INFO][<module>] current min score: -0.004561458725503398, params: {'hidden_layer_sizes': (10, 10, 10, 10, 10, 10, 10, 10, 10, 10), 'max_iter': 200, 'solver': 'adam'}
 92%|████████████████████████████████████████████████████████████████████████████████████████████████████████▌         | 11/12 [06:19<00:34, 34.50s/it]2017-11-28 15:15:38,773 __main__ 63 [INFO][<module>] params: {'hidden_layer_sizes': (30, 30, 30, 30), 'max_iter': 1000, 'solver': 'adam'}
2017-11-28 15:16:03,914 __main__ 93 [INFO][<module>] logloss: 0.15652362190275057, gini: -0.00028150254236369854
2017-11-28 15:16:03,914 __main__ 95 [INFO][<module>] current min score: -0.004561458725503398, params: {'hidden_layer_sizes': (10, 10, 10, 10, 10, 10, 10, 10, 10, 10), 'max_iter': 200, 'solver': 'adam'}
100%|██████████████████████████████████████████████████████████████████████████████████████████████████████████████████| 12/12 [06:44<00:00, 33.72s/it]
2017-11-28 15:16:03,914 __main__ 97 [INFO][<module>] minimum params: {'hidden_layer_sizes': (10, 10, 10, 10, 10, 10, 10, 10, 10, 10), 'max_iter': 200, 'solver': 'adam'}
2017-11-28 15:16:03,914 __main__ 98 [INFO][<module>] minimum gini: -0.004561458725503398
2017-11-28 15:16:42,078 __main__ 103 [INFO][<module>] train end
100%|██████████████████████████████████████████████████████████████████████████████████████████████████████████████████| 58/58 [00:06<00:00,  8.52it/s]
2017-11-28 15:17:01,735 __main__ 112 [INFO][<module>] test data load end (892816, 228)
2017-11-28 15:17:08,236 __main__ 120 [INFO][<module>] end